1771562206786	geckodriver	INFO	Listening on 127.0.0.1:60224
1771562210021	mozrunner::runner	INFO	Running command: "C:\\Program Files\\Mozilla Firefox\\firefox.exe" "--marionette" "--remote-debugging-port" "60225" "--remote-allow-hosts" "localhost" "-no-remote" "-profile" "C:\\Users\\91799\\AppData\\Local\\Temp\\rust_mozprofileTbKkJV"
console.warn: services.settings: Ignoring preference override of remote settings server
console.warn: services.settings: Allow by setting MOZ_REMOTE_SETTINGS_DEVTOOLS=1 in the environment
Dynamically enable window occlusion 0
1771562210747	Marionette	INFO	Marionette enabled
1771562210986	Marionette	INFO	Listening on port 58343
WebDriver BiDi listening on ws://127.0.0.1:60225
Read port: 58343
1771562211212	RemoteAgent	WARN	TLS certificate errors will be ignored for this session
JavaScript error: https://pagead2.googlesyndication.com/pagead/js/adsbygoogle.js, line 90: TagError: adsbygoogle.push() error: No slot size for availableWidth=0
JavaScript error: https://pagead2.googlesyndication.com/pagead/js/adsbygoogle.js, line 90: TagError: adsbygoogle.push() error: No slot size for availableWidth=0
JavaScript error: https://pagead2.googlesyndication.com/pagead/js/adsbygoogle.js, line 90: TagError: adsbygoogle.push() error: No slot size for availableWidth=0
JavaScript error: https://pagead2.googlesyndication.com/pagead/js/adsbygoogle.js, line 90: TagError: adsbygoogle.push() error: No slot size for availableWidth=0
JavaScript error: https://pagead2.googlesyndication.com/pagead/js/adsbygoogle.js, line 90: TagError: adsbygoogle.push() error: No slot size for availableWidth=0
JavaScript error: https://pagead2.googlesyndication.com/pagead/js/adsbygoogle.js, line 90: TagError: adsbygoogle.push() error: No slot size for availableWidth=0
JavaScript error: , line 0: uncaught exception: undefined
JavaScript error: https://pagead2.googlesyndication.com/pagead/js/adsbygoogle.js, line 90: TagError: adsbygoogle.push() error: No slot size for availableWidth=0
JavaScript error: https://pagead2.googlesyndication.com/pagead/js/adsbygoogle.js, line 90: TagError: adsbygoogle.push() error: No slot size for availableWidth=0
JavaScript error: https://pagead2.googlesyndication.com/pagead/js/adsbygoogle.js, line 90: TagError: adsbygoogle.push() error: No slot size for availableWidth=0
JavaScript error: https://pagead2.googlesyndication.com/pagead/js/adsbygoogle.js, line 90: TagError: adsbygoogle.push() error: No slot size for availableWidth=0
JavaScript error: https://pagead2.googlesyndication.com/pagead/js/adsbygoogle.js, line 90: TagError: adsbygoogle.push() error: No slot size for availableWidth=0
JavaScript error: https://pagead2.googlesyndication.com/pagead/js/adsbygoogle.js, line 90: TagError: adsbygoogle.push() error: No slot size for availableWidth=0
JavaScript warning: https://pagead2.googlesyndication.com/bg/VXNW79gqQX8ZcaCZgbEoDHet6f6szJZilX3LzAyYl-4.js, line 3373: unreachable code after return statement
JavaScript warning: https://pagead2.googlesyndication.com/bg/VXNW79gqQX8ZcaCZgbEoDHet6f6szJZilX3LzAyYl-4.js, line 3373: unreachable code after return statement
JavaScript warning: https://pagead2.googlesyndication.com/bg/VXNW79gqQX8ZcaCZgbEoDHet6f6szJZilX3LzAyYl-4.js, line 3373: unreachable code after return statement
JavaScript warning: https://pagead2.googlesyndication.com/bg/VXNW79gqQX8ZcaCZgbEoDHet6f6szJZilX3LzAyYl-4.js line 2 > eval, line 3373: unreachable code after return statement
JavaScript warning: https://pagead2.googlesyndication.com/bg/VXNW79gqQX8ZcaCZgbEoDHet6f6szJZilX3LzAyYl-4.js line 2 > eval, line 3373: unreachable code after return statement
JavaScript warning: https://pagead2.googlesyndication.com/bg/VXNW79gqQX8ZcaCZgbEoDHet6f6szJZilX3LzAyYl-4.js line 2 > eval line 3373 > eval, line 1: unreachable code after return statement
JavaScript warning: https://pagead2.googlesyndication.com/bg/VXNW79gqQX8ZcaCZgbEoDHet6f6szJZilX3LzAyYl-4.js line 2 > eval line 3373 > eval line 1 > eval, line 1: unreachable code after return statement
JavaScript warning: https://pagead2.googlesyndication.com/bg/VXNW79gqQX8ZcaCZgbEoDHet6f6szJZilX3LzAyYl-4.js line 2 > eval, line 3373: unreachable code after return statement
JavaScript warning: https://pagead2.googlesyndication.com/bg/VXNW79gqQX8ZcaCZgbEoDHet6f6szJZilX3LzAyYl-4.js line 2 > eval line 3373 > eval line 1 > eval, line 1: unreachable code after return statement
JavaScript warning: https://pagead2.googlesyndication.com/bg/VXNW79gqQX8ZcaCZgbEoDHet6f6szJZilX3LzAyYl-4.js line 2 > eval line 3373 > eval line 1 > eval line 1 > eval, line 1: unreachable code after return statement
console.warn: LoginRecipes: "Falling back to a synchronous message for: https://practice.automationtesting.in."
console.warn: LoginRecipes: "Falling back to a synchronous message for: https://practice.automationtesting.in."
JavaScript error: , line 0: uncaught exception: undefined
JavaScript warning: https://pagead2.googlesyndication.com/pagead/managed/js/activeview/current/ufs_web_display.js, line 271: Script terminated by timeout at:
zp@https://pagead2.googlesyndication.com/pagead/managed/js/activeview/current/ufs_web_display.js:271:39
Jp/<@https://pagead2.googlesyndication.com/pagead/managed/js/activeview/current/ufs_web_display.js:273:1079
N/</<@https://pagead2.googlesyndication.com/pagead/managed/js/activeview/current/ufs_web_display.js:93:480
M/this.Wd@https://pagead2.googlesyndication.com/pagead/managed/js/activeview/current/ufs_web_display.js:92:990
n.next@https://pagead2.googlesyndication.com/pagead/managed/js/activeview/current/ufs_web_display.js:82:523
n.Wd@https://pagead2.googlesyndication.com/pagead/managed/js/activeview/current/ufs_web_display.js:82:756
n.next@https://pagead2.googlesyndication.com/pagead/managed/js/activeview/current/ufs_web_display.js:82:523
n.next@https://pagead2.googlesyndication.com/pagead/managed/js/activeview/current/ufs_web_display.js:85:1008
bd.prototype.next@https://pagead2.googlesyndication.com/pagead/managed/js/activeview/current/ufs_web_display.js:91:1293
qc.prototype.next@https://pagead2.googlesyndication.com/pagead/managed/js/activeview/current/ufs_web_display.js:83:218
n.Wd@https://pagead2.googlesyndication.com/pagead/managed/js/activeview/current/ufs_web_display.js:82:756
n.next@https://pagead2.googlesyndication.com/pagead/managed/js/activeview/current/ufs_web_display.js:82:523
n.Wd@https://pagead2.googlesyndication.com/pagead/managed/js/activeview/current/ufs_web_display.js:82:756
n.next@https://pagead2.googlesyndication.com/pagead/managed/js/activeview/current/ufs_web_display.js:82:523
n.next@https://pagead2.googlesyndication.com/pagead/managed/js/activeview/current/ufs_web_display.js:85:1008
bd.prototype.next@https://pagead2.googlesyndication.com/pagead/managed/js/activeview/current/ufs_web_display.js:91:1293
qc.prototype.next@https://pagead2.googlesyndication.com/pagead/managed/js/activeview/current/ufs_web_display.js:83:218
n.Wd@https://pagead2.googlesyndication.com/pagead/managed/js/activeview/current/ufs_web_display.js:82:756
n.next@https://pagead2.googlesyndication.com/pagead/managed/js/activeview/current/ufs_web_display.js:82:523
n.Wd@https://pagead2.googlesyndication.com/pagead/managed/js/activeview/current/ufs_web_display.js:82:756
n.next@https://pagead2.googlesyndication.com/pagead/managed/js/activeview/current/ufs_web_display.js:82:523
n.next@https://pagead2.googlesyndication.com/pagead/managed/js/activeview/current/ufs_web_display.js:85:1008
bd.prototype.next@https://pagead2.googlesyndication.com/pagead/managed/js/activeview/current/ufs_web_display.js:91:1293
qc.prototype.next@https://pagead2.googlesyndication.com/pagead/managed/js/activeview/current/ufs_web_display.js:83:218
n.Wd@https://pagead2.googlesyndication.com/pagead/managed/js/activeview/current/ufs_web_display.js:82:756
n.next@https://pagead2.googlesyndication.com/pagead/managed/js/activeview/current/ufs_web_display.js:82:523
n.Wd@https://pagead2.googlesyndication.com/pagead/managed/js/activeview/current/ufs_web_display.js:82:756
n.next@https://pagead2.googlesyndication.com/pagead/managed/js/activeview/current/ufs_web_display.js:82:523
n.next@https://pagead2.googlesyndication.com/pagead/managed/js/activeview/current/ufs_web_display.js:85:1008
bd.prototype.next@https://pagead2.googlesyndication.com/pagead/managed/js/activeview/current/ufs_web_display.js:91:1293
qc.prototype.next@https://pagead2.googlesyndication.com/pagead/managed/js/activeview/current/ufs_web_display.js:83:218
n.Wd@https://pagead2.googlesyndication.com/pagead/managed/js/activeview/current/ufs_web_display.js:82:756
n.next@https://pagead2.googlesyndication.com/pagead/managed/js/activeview/current/ufs_web_display.js:82:523
jf/</<@https://pagead2.googlesyndication.com/pagead/managed/js/activeview/current/ufs_web_display.js:104:904
M/this.Wd@https://pagead2.googlesyndication.com/pagead/managed/js/activeview/current/ufs_web_display.js:92:990
n.next@https://pagead2.googlesyndication.com/pagead/managed/js/activeview/current/ufs_web_display.js:82:523
N/</<@https://pagead2.googlesyndication.com/pagead/managed/js/activeview/current/ufs_web_display.js:93:473
M/this.Wd@https://pagead2.googlesyndication.com/pagead/managed/js/activeview/current/ufs_web_display.js:92:990
n.next@https://pagead2.googlesyndication.com/pagead/managed/js/activeview/current/ufs_web_display.js:82:523
n.Wd@https://pagead2.googlesyndication.com/pagead/managed/js/activeview/current/ufs_web_display.js:82:756
n.next@https://pagead2.googlesyndication.com/pagead/managed/js/activeview/current/ufs_web_display.js:82:523
kp/</h/<@https://pagead2.googlesyndication.com/pagead/managed/js/activeview/current/ufs_web_display.js:261:1966
Ua@https://pagead2.googlesyndication.com/pagead/managed/js/activeview/current/ufs_web_display.js:51:339
Pa.prototype.flush@https://pagead2.googlesyndication.com/pagead/managed/js/activeview/current/ufs_web_display.js:51:147
Ta@https://pagead2.googlesyndication.com/pagead/managed/js/activeview/current/ufs_web_display.js:50:483
Mh/c/</<@https://pagead2.googlesyndication.com/pagead/managed/js/activeview/current/ufs_web_display.js:146:293
qc.prototype.next@https://pagead2.googlesyndication.com/pagead/managed/js/activeview/current/ufs_web_display.js:83:218
n.Wd@https://pagead2.googlesyndication.com/pagead/managed/js/activeview/current/ufs_web_display.js:82:756
n.next@https://pagead2.googlesyndication.com/pagead/managed/js/activeview/current/ufs_web_display.js:82:523
qg/</</</<@https://pagead2.googlesyndication.com/pagead/managed/js/activeview/current/ufs_web_display.js:123:515
Oa.prototype.kc/<@https://pagead2.googlesyndication.com/pagead/managed/js/activeview/current/ufs_web_display.js:50:315
qg/</</<@https://pagead2.googlesyndication.com/pagead/managed/js/activeview/current/ufs_web_display.js:123:524
qc.prototype.next@https://pagead2.googlesyndication.com/pagead/managed/js/activeview/current/ufs_web_display.js:83:218
n.Wd@https://pagead2.googlesyndication.com/pagead/managed/js/activeview/current/ufs_web_display.js:82:756
n.next@https://pagead2.googlesyndication.com/pagead/managed/js/activeview/current/ufs_web_display.js:82:523
qg/</</</<@https://pagead2.googlesyndication.com/pagead/managed/js/activeview/current/ufs_web_display.js:123:515
Oa.prototype.kc/<@https://pagead2.googlesyndication.com/pagead/managed/js/activeview/current/ufs_web_display.js:50:315
qg/</</<@https://pagead2.googlesyndication.com/pagead/managed/js/activeview/current/ufs_web_display.js:123:524
qc.prototype.next@https://pagead2.googlesyndication.com/pagead/managed/js/activeview/current/ufs_web_display.js:83:218
n.Wd@https://pagead2.googlesyndication.com/pagead/managed/js/activeview/current/ufs_web_display.js:82:756
n.next@https://pagead2.googlesyndication.com/pagead/managed/js/activeview/current/ufs_web_display.js:82:523
h@https://pagead2.googlesyndication.com/pagead/managed/js/activeview/current/ufs_web_display.js:95:477

JavaScript error: https://pagead2.googlesyndication.com/pagead/js/adsbygoogle.js, line 90: TagError: adsbygoogle.push() error: No slot size for availableWidth=0
JavaScript error: https://pagead2.googlesyndication.com/pagead/js/adsbygoogle.js, line 90: TagError: adsbygoogle.push() error: No slot size for availableWidth=0
JavaScript error: https://pagead2.googlesyndication.com/pagead/js/adsbygoogle.js, line 90: TagError: adsbygoogle.push() error: No slot size for availableWidth=0
JavaScript error: https://pagead2.googlesyndication.com/pagead/js/adsbygoogle.js, line 90: TagError: adsbygoogle.push() error: No slot size for availableWidth=0
JavaScript error: https://pagead2.googlesyndication.com/pagead/js/adsbygoogle.js, line 90: TagError: adsbygoogle.push() error: No slot size for availableWidth=0
JavaScript error: https://pagead2.googlesyndication.com/pagead/js/adsbygoogle.js, line 90: TagError: adsbygoogle.push() error: No slot size for availableWidth=0
JavaScript error: https://pagead2.googlesyndication.com/pagead/js/adsbygoogle.js, line 90: TagError: adsbygoogle.push() error: No slot size for availableWidth=0
JavaScript error: https://pagead2.googlesyndication.com/pagead/js/adsbygoogle.js, line 90: TagError: adsbygoogle.push() error: No slot size for availableWidth=0
JavaScript error: https://pagead2.googlesyndication.com/pagead/js/adsbygoogle.js, line 90: TagError: adsbygoogle.push() error: No slot size for availableWidth=0
JavaScript error: https://pagead2.googlesyndication.com/pagead/js/adsbygoogle.js, line 90: TagError: adsbygoogle.push() error: No slot size for availableWidth=0
JavaScript error: https://pagead2.googlesyndication.com/pagead/js/adsbygoogle.js, line 90: TagError: adsbygoogle.push() error: No slot size for availableWidth=0
JavaScript error: https://pagead2.googlesyndication.com/pagead/js/adsbygoogle.js, line 90: TagError: adsbygoogle.push() error: No slot size for availableWidth=0
JavaScript warning: https://pagead2.googlesyndication.com/bg/VXNW79gqQX8ZcaCZgbEoDHet6f6szJZilX3LzAyYl-4.js, line 4891: unreachable code after return statement
JavaScript warning: https://pagead2.googlesyndication.com/bg/VXNW79gqQX8ZcaCZgbEoDHet6f6szJZilX3LzAyYl-4.js, line 4891: unreachable code after return statement
JavaScript warning: https://pagead2.googlesyndication.com/bg/VXNW79gqQX8ZcaCZgbEoDHet6f6szJZilX3LzAyYl-4.js, line 4891: unreachable code after return statement
JavaScript warning: https://pagead2.googlesyndication.com/bg/VXNW79gqQX8ZcaCZgbEoDHet6f6szJZilX3LzAyYl-4.js line 2 > eval, line 4891: unreachable code after return statement
JavaScript warning: https://pagead2.googlesyndication.com/bg/VXNW79gqQX8ZcaCZgbEoDHet6f6szJZilX3LzAyYl-4.js line 2 > eval, line 4891: unreachable code after return statement
JavaScript warning: https://pagead2.googlesyndication.com/bg/VXNW79gqQX8ZcaCZgbEoDHet6f6szJZilX3LzAyYl-4.js line 2 > eval, line 1: unreachable code after return statement
JavaScript warning: https://pagead2.googlesyndication.com/bg/VXNW79gqQX8ZcaCZgbEoDHet6f6szJZilX3LzAyYl-4.js line 2 > eval line 4891 > eval, line 1: unreachable code after return statement
JavaScript warning: https://pagead2.googlesyndication.com/bg/VXNW79gqQX8ZcaCZgbEoDHet6f6szJZilX3LzAyYl-4.js line 2 > eval, line 4891: unreachable code after return statement
JavaScript warning: https://pagead2.googlesyndication.com/bg/VXNW79gqQX8ZcaCZgbEoDHet6f6szJZilX3LzAyYl-4.js line 2 > eval line 4891 > eval line 1 > eval, line 1: unreachable code after return statement
JavaScript warning: https://pagead2.googlesyndication.com/bg/VXNW79gqQX8ZcaCZgbEoDHet6f6szJZilX3LzAyYl-4.js line 2 > eval line 4891 > eval line 1 > eval line 1 > eval, line 1: unreachable code after return statement
JavaScript warning: https://pagead2.googlesyndication.com/bg/VXNW79gqQX8ZcaCZgbEoDHet6f6szJZilX3LzAyYl-4.js, line 1476: unreachable code after return statement
JavaScript warning: https://pagead2.googlesyndication.com/bg/VXNW79gqQX8ZcaCZgbEoDHet6f6szJZilX3LzAyYl-4.js, line 1476: unreachable code after return statement
JavaScript warning: https://pagead2.googlesyndication.com/bg/VXNW79gqQX8ZcaCZgbEoDHet6f6szJZilX3LzAyYl-4.js, line 1476: unreachable code after return statement
JavaScript warning: https://pagead2.googlesyndication.com/bg/VXNW79gqQX8ZcaCZgbEoDHet6f6szJZilX3LzAyYl-4.js line 2 > eval, line 1476: unreachable code after return statement
JavaScript warning: https://pagead2.googlesyndication.com/bg/VXNW79gqQX8ZcaCZgbEoDHet6f6szJZilX3LzAyYl-4.js line 2 > eval, line 1476: unreachable code after return statement
JavaScript warning: https://pagead2.googlesyndication.com/bg/VXNW79gqQX8ZcaCZgbEoDHet6f6szJZilX3LzAyYl-4.js line 2 > eval, line 1: unreachable code after return statement
JavaScript warning: https://pagead2.googlesyndication.com/bg/VXNW79gqQX8ZcaCZgbEoDHet6f6szJZilX3LzAyYl-4.js line 2 > eval line 1476 > eval, line 1: unreachable code after return statement
JavaScript warning: https://pagead2.googlesyndication.com/bg/VXNW79gqQX8ZcaCZgbEoDHet6f6szJZilX3LzAyYl-4.js line 2 > eval, line 1476: unreachable code after return statement
JavaScript warning: https://pagead2.googlesyndication.com/bg/VXNW79gqQX8ZcaCZgbEoDHet6f6szJZilX3LzAyYl-4.js line 2 > eval line 1476 > eval line 1 > eval, line 1: unreachable code after return statement
JavaScript warning: https://pagead2.googlesyndication.com/bg/VXNW79gqQX8ZcaCZgbEoDHet6f6szJZilX3LzAyYl-4.js line 2 > eval line 1476 > eval line 1 > eval line 1 > eval, line 1: unreachable code after return statement
JavaScript warning: https://tpc.googlesyndication.com/pagead/js/r20260218/r20110914/client/window_focus_fy2021.js, line 7: Script terminated by timeout at:
v/<@https://tpc.googlesyndication.com/pagead/js/r20260218/r20110914/client/window_focus_fy2021.js:7:950

JavaScript error: https://pagead2.googlesyndication.com/pagead/js/adsbygoogle.js, line 90: TagError: adsbygoogle.push() error: No slot size for availableWidth=0
JavaScript error: https://pagead2.googlesyndication.com/pagead/js/adsbygoogle.js, line 90: TagError: adsbygoogle.push() error: No slot size for availableWidth=0
JavaScript error: https://pagead2.googlesyndication.com/pagead/js/adsbygoogle.js, line 90: TagError: adsbygoogle.push() error: No slot size for availableWidth=0
JavaScript error: https://pagead2.googlesyndication.com/pagead/js/adsbygoogle.js, line 90: TagError: adsbygoogle.push() error: No slot size for availableWidth=0
JavaScript error: https://pagead2.googlesyndication.com/pagead/js/adsbygoogle.js, line 90: TagError: adsbygoogle.push() error: No slot size for availableWidth=0
JavaScript error: https://pagead2.googlesyndication.com/pagead/js/adsbygoogle.js, line 90: TagError: adsbygoogle.push() error: No slot size for availableWidth=0
JavaScript warning: https://imasdk.googleapis.com/formats/outstream/versioned/prod2/outstream_web_client_20260209_RC00/outstream.min.js, line 52: Script terminated by timeout at:
Ya@https://imasdk.googleapis.com/formats/outstream/versioned/prod2/outstream_web_client_20260209_RC00/outstream.min.js:52:162
m.sendBeacon@https://imasdk.googleapis.com/formats/outstream/versioned/prod2/outstream_web_client_20260209_RC00/outstream.min.js:248:207
m.oa@https://imasdk.googleapis.com/formats/outstream/versioned/prod2/outstream_web_client_20260209_RC00/outstream.min.js:246:238
dq/this.ba<@https://imasdk.googleapis.com/formats/outstream/versioned/prod2/outstream_web_client_20260209_RC00/outstream.min.js:243:516
b@https://imasdk.googleapis.com/formats/outstream/versioned/prod2/outstream_web_client_20260209_RC00/outstream.min.js:82:532
Fe/<@https://imasdk.googleapis.com/formats/outstream/versioned/prod2/outstream_web_client_20260209_RC00/outstream.min.js:82:635
dq/this.ea@https://imasdk.googleapis.com/formats/outstream/versioned/prod2/outstream_web_client_20260209_RC00/outstream.min.js:244:135

JavaScript error: https://pagead2.googlesyndication.com/pagead/js/adsbygoogle.js, line 90: TagError: adsbygoogle.push() error: No slot size for availableWidth=0
JavaScript error: https://pagead2.googlesyndication.com/pagead/js/adsbygoogle.js, line 90: TagError: adsbygoogle.push() error: No slot size for availableWidth=0
JavaScript error: https://pagead2.googlesyndication.com/pagead/js/adsbygoogle.js, line 90: TagError: adsbygoogle.push() error: No slot size for availableWidth=0
JavaScript error: https://pagead2.googlesyndication.com/pagead/js/adsbygoogle.js, line 90: TagError: adsbygoogle.push() error: No slot size for availableWidth=0
JavaScript error: https://pagead2.googlesyndication.com/pagead/js/adsbygoogle.js, line 90: TagError: adsbygoogle.push() error: No slot size for availableWidth=0
JavaScript error: https://pagead2.googlesyndication.com/pagead/js/adsbygoogle.js, line 90: TagError: adsbygoogle.push() error: No slot size for availableWidth=0
JavaScript warning: https://pagead2.googlesyndication.com/bg/VXNW79gqQX8ZcaCZgbEoDHet6f6szJZilX3LzAyYl-4.js, line 7346: unreachable code after return statement
JavaScript warning: https://pagead2.googlesyndication.com/bg/VXNW79gqQX8ZcaCZgbEoDHet6f6szJZilX3LzAyYl-4.js, line 7346: unreachable code after return statement
JavaScript warning: https://pagead2.googlesyndication.com/bg/VXNW79gqQX8ZcaCZgbEoDHet6f6szJZilX3LzAyYl-4.js, line 7346: unreachable code after return statement
JavaScript warning: https://pagead2.googlesyndication.com/bg/VXNW79gqQX8ZcaCZgbEoDHet6f6szJZilX3LzAyYl-4.js line 2 > eval, line 7346: unreachable code after return statement
JavaScript warning: https://pagead2.googlesyndication.com/bg/VXNW79gqQX8ZcaCZgbEoDHet6f6szJZilX3LzAyYl-4.js line 2 > eval, line 7346: unreachable code after return statement
JavaScript warning: https://pagead2.googlesyndication.com/bg/VXNW79gqQX8ZcaCZgbEoDHet6f6szJZilX3LzAyYl-4.js line 2 > eval line 7346 > eval, line 1: unreachable code after return statement
JavaScript warning: https://pagead2.googlesyndication.com/bg/VXNW79gqQX8ZcaCZgbEoDHet6f6szJZilX3LzAyYl-4.js line 2 > eval line 7346 > eval line 1 > eval, line 1: unreachable code after return statement
JavaScript warning: https://pagead2.googlesyndication.com/bg/VXNW79gqQX8ZcaCZgbEoDHet6f6szJZilX3LzAyYl-4.js line 2 > eval, line 7346: unreachable code after return statement
JavaScript warning: https://pagead2.googlesyndication.com/bg/VXNW79gqQX8ZcaCZgbEoDHet6f6szJZilX3LzAyYl-4.js line 2 > eval line 7346 > eval line 1 > eval, line 1: unreachable code after return statement
JavaScript warning: https://pagead2.googlesyndication.com/bg/VXNW79gqQX8ZcaCZgbEoDHet6f6szJZilX3LzAyYl-4.js line 2 > eval line 7346 > eval line 1 > eval line 1 > eval, line 1: unreachable code after return statement
JavaScript warning: https://pagead2.googlesyndication.com/pagead/managed/js/activeview/current/ufs_web_display.js, line 93: Script terminated by timeout at:
ld@https://pagead2.googlesyndication.com/pagead/managed/js/activeview/current/ufs_web_display.js:93:294
Mh@https://pagead2.googlesyndication.com/pagead/managed/js/activeview/current/ufs_web_display.js:146:461
V/<@https://pagead2.googlesyndication.com/pagead/managed/js/activeview/current/ufs_web_display.js:146:190
uc/</<@https://pagead2.googlesyndication.com/pagead/managed/js/activeview/current/ufs_web_display.js:84:439
uc/<@https://pagead2.googlesyndication.com/pagead/managed/js/activeview/current/ufs_web_display.js:84:411
L.prototype.g@https://pagead2.googlesyndication.com/pagead/managed/js/activeview/current/ufs_web_display.js:85:346
No.prototype.ve@https://pagead2.googlesyndication.com/pagead/managed/js/activeview/current/ufs_web_display.js:254:378
rf@https://pagead2.googlesyndication.com/pagead/managed/js/activeview/current/ufs_web_display.js:105:1093
qf.prototype.M@https://pagead2.googlesyndication.com/pagead/managed/js/activeview/current/ufs_web_display.js:105:859
me.prototype.M@https://pagead2.googlesyndication.com/pagead/managed/js/activeview/current/ufs_web_display.js:100:780
Jp/</<@https://pagead2.googlesyndication.com/pagead/managed/js/activeview/current/ufs_web_display.js:275:200
Jp/<@https://pagead2.googlesyndication.com/pagead/managed/js/activeview/current/ufs_web_display.js:275:178
N/</<@https://pagead2.googlesyndication.com/pagead/managed/js/activeview/current/ufs_web_display.js:93:480
M/this.Wd@https://pagead2.googlesyndication.com/pagead/managed/js/activeview/current/ufs_web_display.js:92:990
n.next@https://pagead2.googlesyndication.com/pagead/managed/js/activeview/current/ufs_web_display.js:82:523
n.Wd@https://pagead2.googlesyndication.com/pagead/managed/js/activeview/current/ufs_web_display.js:82:756
n.next@https://pagead2.googlesyndication.com/pagead/managed/js/activeview/current/ufs_web_display.js:82:523
n.next@https://pagead2.googlesyndication.com/pagead/managed/js/activeview/current/ufs_web_display.js:85:1008
bd.prototype.next@https://pagead2.googlesyndication.com/pagead/managed/js/activeview/current/ufs_web_display.js:91:1293
qc.prototype.next@https://pagead2.googlesyndication.com/pagead/managed/js/activeview/current/ufs_web_display.js:83:218
n.Wd@https://pagead2.googlesyndication.com/pagead/managed/js/activeview/current/ufs_web_display.js:82:756
n.next@https://pagead2.googlesyndication.com/pagead/managed/js/activeview/current/ufs_web_display.js:82:523
n.Wd@https://pagead2.googlesyndication.com/pagead/managed/js/activeview/current/ufs_web_display.js:82:756
n.next@https://pagead2.googlesyndication.com/pagead/managed/js/activeview/current/ufs_web_display.js:82:523
n.next@https://pagead2.googlesyndication.com/pagead/managed/js/activeview/current/ufs_web_display.js:85:1008
bd.prototype.next@https://pagead2.googlesyndication.com/pagead/managed/js/activeview/current/ufs_web_display.js:91:1293
qc.prototype.next@https://pagead2.googlesyndication.com/pagead/managed/js/activeview/current/ufs_web_display.js:83:218
n.Wd@https://pagead2.googlesyndication.com/pagead/managed/js/activeview/current/ufs_web_display.js:82:756
n.next@https://pagead2.googlesyndication.com/pagead/managed/js/activeview/current/ufs_web_display.js:82:523
n.Wd@https://pagead2.googlesyndication.com/pagead/managed/js/activeview/current/ufs_web_display.js:82:756
n.next@https://pagead2.googlesyndication.com/pagead/managed/js/activeview/current/ufs_web_display.js:82:523
n.next@https://pagead2.googlesyndication.com/pagead/managed/js/activeview/current/ufs_web_display.js:85:1008
bd.prototype.next@https://pagead2.googlesyndication.com/pagead/managed/js/activeview/current/ufs_web_display.js:91:1293
qc.prototype.next@https://pagead2.googlesyndication.com/pagead/managed/js/activeview/current/ufs_web_display.js:83:218
n.Wd@https://pagead2.googlesyndication.com/pagead/managed/js/activeview/current/ufs_web_display.js:82:756
n.next@https://pagead2.googlesyndication.com/pagead/managed/js/activeview/current/ufs_web_display.js:82:523
n.Wd@https://pagead2.googlesyndication.com/pagead/managed/js/activeview/current/ufs_web_display.js:82:756
n.next@https://pagead2.googlesyndication.com/pagead/managed/js/activeview/current/ufs_web_display.js:82:523
n.next@https://pagead2.googlesyndication.com/pagead/managed/js/activeview/current/ufs_web_display.js:85:1008
bd.prototype.next@https://pagead2.googlesyndication.com/pagead/managed/js/activeview/current/ufs_web_display.js:91:1293
qc.prototype.next@https://pagead2.googlesyndication.com/pagead/managed/js/activeview/current/ufs_web_display.js:83:218
n.Wd@https://pagead2.googlesyndication.com/pagead/managed/js/activeview/current/ufs_web_display.js:82:756
n.next@https://pagead2.googlesyndication.com/pagead/managed/js/activeview/current/ufs_web_display.js:82:523
jf/</<@https://pagead2.googlesyndication.com/pagead/managed/js/activeview/current/ufs_web_display.js:104:904
M/this.Wd@https://pagead2.googlesyndication.com/pagead/managed/js/activeview/current/ufs_web_display.js:92:990
n.next@https://pagead2.googlesyndication.com/pagead/managed/js/activeview/current/ufs_web_display.js:82:523
N/</<@https://pagead2.googlesyndication.com/pagead/managed/js/activeview/current/ufs_web_display.js:93:473
M/this.Wd@https://pagead2.googlesyndication.com/pagead/managed/js/activeview/current/ufs_web_display.js:92:990
n.next@https://pagead2.googlesyndication.com/pagead/managed/js/activeview/current/ufs_web_display.js:82:523
n.Wd@https://pagead2.googlesyndication.com/pagead/managed/js/activeview/current/ufs_web_display.js:82:756
n.next@https://pagead2.googlesyndication.com/pagead/managed/js/activeview/current/ufs_web_display.js:82:523
kp/</h/<@https://pagead2.googlesyndication.com/pagead/managed/js/activeview/current/ufs_web_display.js:261:1966
Ua@https://pagead2.googlesyndication.com/pagead/managed/js/activeview/current/ufs_web_display.js:51:339
Pa.prototype.flush@https://pagead2.googlesyndication.com/pagead/managed/js/activeview/current/ufs_web_display.js:51:147
Ta@https://pagead2.googlesyndication.com/pagead/managed/js/activeview/current/ufs_web_display.js:50:483
Mh/c/</<@https://pagead2.googlesyndication.com/pagead/managed/js/activeview/current/ufs_web_display.js:146:293
qc.prototype.next@https://pagead2.googlesyndication.com/pagead/managed/js/activeview/current/ufs_web_display.js:83:218
n.Wd@https://pagead2.googlesyndication.com/pagead/managed/js/activeview/current/ufs_web_display.js:82:756
n.next@https://pagead2.googlesyndication.com/pagead/managed/js/activeview/current/ufs_web_display.js:82:523
qg/</</</<@https://pagead2.googlesyndication.com/pagead/managed/js/activeview/current/ufs_web_display.js:123:515
Oa.prototype.kc/<@https://pagead2.googlesyndication.com/pagead/managed/js/activeview/current/ufs_web_display.js:50:315
qg/</</<@https://pagead2.googlesyndication.com/pagead/managed/js/activeview/current/ufs_web_display.js:123:524
qc.prototype.next@https://pagead2.googlesyndication.com/pagead/managed/js/activeview/current/ufs_web_display.js:83:218
n.Wd@https://pagead2.googlesyndication.com/pagead/managed/js/activeview/current/ufs_web_display.js:82:756
n.next@https://pagead2.googlesyndication.com/pagead/managed/js/activeview/current/ufs_web_display.js:82:523
qg/</</</<@https://pagead2.googlesyndication.com/pagead/managed/js/activeview/current/ufs_web_display.js:123:515
Oa.prototype.kc/<@https://pagead2.googlesyndication.com/pagead/managed/js/activeview/current/ufs_web_display.js:50:315
qg/</</<@https://pagead2.googlesyndication.com/pagead/managed/js/activeview/current/ufs_web_display.js:123:524
qc.prototype.next@https://pagead2.googlesyndication.com/pagead/managed/js/activeview/current/ufs_web_display.js:83:218
n.Wd@https://pagead2.googlesyndication.com/pagead/managed/js/activeview/current/ufs_web_display.js:82:756
n.next@https://pagead2.googlesyndication.com/pagead/managed/js/activeview/current/ufs_web_display.js:82:523
h@https://pagead2.googlesyndication.com/pagead/managed/js/activeview/current/ufs_web_display.js:95:477

JavaScript error: https://pagead2.googlesyndication.com/pagead/js/adsbygoogle.js, line 90: TagError: adsbygoogle.push() error: No slot size for availableWidth=0
JavaScript error: https://pagead2.googlesyndication.com/pagead/js/adsbygoogle.js, line 90: TagError: adsbygoogle.push() error: No slot size for availableWidth=0
JavaScript error: https://pagead2.googlesyndication.com/pagead/js/adsbygoogle.js, line 90: TagError: adsbygoogle.push() error: No slot size for availableWidth=0
JavaScript error: https://pagead2.googlesyndication.com/pagead/js/adsbygoogle.js, line 90: TagError: adsbygoogle.push() error: No slot size for availableWidth=0
JavaScript error: https://pagead2.googlesyndication.com/pagead/js/adsbygoogle.js, line 90: TagError: adsbygoogle.push() error: No slot size for availableWidth=0
JavaScript error: https://pagead2.googlesyndication.com/pagead/js/adsbygoogle.js, line 90: TagError: adsbygoogle.push() error: No slot size for availableWidth=0
JavaScript warning: https://pagead2.googlesyndication.com/bg/VXNW79gqQX8ZcaCZgbEoDHet6f6szJZilX3LzAyYl-4.js, line 1733: unreachable code after return statement
JavaScript warning: https://pagead2.googlesyndication.com/bg/VXNW79gqQX8ZcaCZgbEoDHet6f6szJZilX3LzAyYl-4.js, line 1733: unreachable code after return statement
JavaScript warning: https://pagead2.googlesyndication.com/bg/VXNW79gqQX8ZcaCZgbEoDHet6f6szJZilX3LzAyYl-4.js, line 1733: unreachable code after return statement
JavaScript warning: https://pagead2.googlesyndication.com/bg/VXNW79gqQX8ZcaCZgbEoDHet6f6szJZilX3LzAyYl-4.js line 2 > eval, line 1733: unreachable code after return statement
JavaScript warning: https://pagead2.googlesyndication.com/bg/VXNW79gqQX8ZcaCZgbEoDHet6f6szJZilX3LzAyYl-4.js line 2 > eval, line 1733: unreachable code after return statement
JavaScript warning: https://pagead2.googlesyndication.com/bg/VXNW79gqQX8ZcaCZgbEoDHet6f6szJZilX3LzAyYl-4.js line 2 > eval, line 1: unreachable code after return statement
JavaScript warning: https://pagead2.googlesyndication.com/bg/VXNW79gqQX8ZcaCZgbEoDHet6f6szJZilX3LzAyYl-4.js line 2 > eval line 1733 > eval, line 1: unreachable code after return statement
JavaScript warning: https://pagead2.googlesyndication.com/bg/VXNW79gqQX8ZcaCZgbEoDHet6f6szJZilX3LzAyYl-4.js line 2 > eval, line 1733: unreachable code after return statement
JavaScript warning: https://pagead2.googlesyndication.com/bg/VXNW79gqQX8ZcaCZgbEoDHet6f6szJZilX3LzAyYl-4.js line 2 > eval line 1733 > eval line 1 > eval, line 1: unreachable code after return statement
JavaScript warning: https://pagead2.googlesyndication.com/bg/VXNW79gqQX8ZcaCZgbEoDHet6f6szJZilX3LzAyYl-4.js line 2 > eval line 1733 > eval line 1 > eval line 1 > eval, line 1: unreachable code after return statement
1771562232343	Marionette	WARN	Ignoring event 'DOMContentLoaded' because document has an invalid readyState of 'complete'.
JavaScript warning: https://pagead2.googlesyndication.com/pagead/managed/js/activeview/current/ufs_web_display.js, line 94: Script terminated by timeout at:
xd/</</</<@https://pagead2.googlesyndication.com/pagead/managed/js/activeview/current/ufs_web_display.js:94:257
n.next@https://pagead2.googlesyndication.com/pagead/managed/js/activeview/current/ufs_web_display.js:82:523
Mh/c/</</<@https://pagead2.googlesyndication.com/pagead/managed/js/activeview/current/ufs_web_display.js:146:321
Ua@https://pagead2.googlesyndication.com/pagead/managed/js/activeview/current/ufs_web_display.js:51:339
Pa.prototype.flush@https://pagead2.googlesyndication.com/pagead/managed/js/activeview/current/ufs_web_display.js:51:127
Ta@https://pagead2.googlesyndication.com/pagead/managed/js/activeview/current/ufs_web_display.js:50:483
Mh/c/</<@https://pagead2.googlesyndication.com/pagead/managed/js/activeview/current/ufs_web_display.js:146:293
qc.prototype.next@https://pagead2.googlesyndication.com/pagead/managed/js/activeview/current/ufs_web_display.js:83:218
n.Wd@https://pagead2.googlesyndication.com/pagead/managed/js/activeview/current/ufs_web_display.js:82:756
n.next@https://pagead2.googlesyndication.com/pagead/managed/js/activeview/current/ufs_web_display.js:82:523
qg/</</</<@https://pagead2.googlesyndication.com/pagead/managed/js/activeview/current/ufs_web_display.js:123:515
Oa.prototype.kc/<@https://pagead2.googlesyndication.com/pagead/managed/js/activeview/current/ufs_web_display.js:50:315
qg/</</<@https://pagead2.googlesyndication.com/pagead/managed/js/activeview/current/ufs_web_display.js:123:524
qc.prototype.next@https://pagead2.googlesyndication.com/pagead/managed/js/activeview/current/ufs_web_display.js:83:218
n.Wd@https://pagead2.googlesyndication.com/pagead/managed/js/activeview/current/ufs_web_display.js:82:756
n.next@https://pagead2.googlesyndication.com/pagead/managed/js/activeview/current/ufs_web_display.js:82:523
qg/</</</<@https://pagead2.googlesyndication.com/pagead/managed/js/activeview/current/ufs_web_display.js:123:515
Oa.prototype.kc/<@https://pagead2.googlesyndication.com/pagead/managed/js/activeview/current/ufs_web_display.js:50:315
qg/</</<@https://pagead2.googlesyndication.com/pagead/managed/js/activeview/current/ufs_web_display.js:123:524
qc.prototype.next@https://pagead2.googlesyndication.com/pagead/managed/js/activeview/current/ufs_web_display.js:83:218
n.Wd@https://pagead2.googlesyndication.com/pagead/managed/js/activeview/current/ufs_web_display.js:82:756
n.next@https://pagead2.googlesyndication.com/pagead/managed/js/activeview/current/ufs_web_display.js:82:523
h@https://pagead2.googlesyndication.com/pagead/managed/js/activeview/current/ufs_web_display.js:95:477

JavaScript error: https://pagead2.googlesyndication.com/pagead/js/adsbygoogle.js, line 90: TagError: adsbygoogle.push() error: No slot size for availableWidth=0
JavaScript error: https://pagead2.googlesyndication.com/pagead/js/adsbygoogle.js, line 90: TagError: adsbygoogle.push() error: No slot size for availableWidth=0
JavaScript error: https://pagead2.googlesyndication.com/pagead/js/adsbygoogle.js, line 90: TagError: adsbygoogle.push() error: No slot size for availableWidth=0
JavaScript error: https://pagead2.googlesyndication.com/pagead/js/adsbygoogle.js, line 90: TagError: adsbygoogle.push() error: No slot size for availableWidth=0
JavaScript error: https://pagead2.googlesyndication.com/pagead/js/adsbygoogle.js, line 90: TagError: adsbygoogle.push() error: No slot size for availableWidth=0
JavaScript error: https://pagead2.googlesyndication.com/pagead/js/adsbygoogle.js, line 90: TagError: adsbygoogle.push() error: No slot size for availableWidth=0
JavaScript warning: https://pagead2.googlesyndication.com/bg/VXNW79gqQX8ZcaCZgbEoDHet6f6szJZilX3LzAyYl-4.js, line 1031: unreachable code after return statement
JavaScript warning: https://pagead2.googlesyndication.com/bg/VXNW79gqQX8ZcaCZgbEoDHet6f6szJZilX3LzAyYl-4.js, line 1031: unreachable code after return statement
JavaScript warning: https://pagead2.googlesyndication.com/bg/VXNW79gqQX8ZcaCZgbEoDHet6f6szJZilX3LzAyYl-4.js, line 1031: unreachable code after return statement
JavaScript warning: https://pagead2.googlesyndication.com/bg/VXNW79gqQX8ZcaCZgbEoDHet6f6szJZilX3LzAyYl-4.js line 2 > eval, line 1031: unreachable code after return statement
JavaScript warning: https://pagead2.googlesyndication.com/bg/VXNW79gqQX8ZcaCZgbEoDHet6f6szJZilX3LzAyYl-4.js line 2 > eval, line 1031: unreachable code after return statement
JavaScript warning: https://pagead2.googlesyndication.com/bg/VXNW79gqQX8ZcaCZgbEoDHet6f6szJZilX3LzAyYl-4.js line 2 > eval, line 1: unreachable code after return statement
JavaScript warning: https://pagead2.googlesyndication.com/bg/VXNW79gqQX8ZcaCZgbEoDHet6f6szJZilX3LzAyYl-4.js line 2 > eval line 1031 > eval, line 1: unreachable code after return statement
JavaScript warning: https://pagead2.googlesyndication.com/bg/VXNW79gqQX8ZcaCZgbEoDHet6f6szJZilX3LzAyYl-4.js line 2 > eval, line 1031: unreachable code after return statement
JavaScript warning: https://pagead2.googlesyndication.com/bg/VXNW79gqQX8ZcaCZgbEoDHet6f6szJZilX3LzAyYl-4.js line 2 > eval line 1031 > eval line 1 > eval, line 1: unreachable code after return statement
JavaScript warning: https://pagead2.googlesyndication.com/bg/VXNW79gqQX8ZcaCZgbEoDHet6f6szJZilX3LzAyYl-4.js line 2 > eval line 1031 > eval line 1 > eval line 1 > eval, line 1: unreachable code after return statement
JavaScript warning: https://pagead2.googlesyndication.com/pagead/managed/js/activeview/current/ufs_web_display.js, line 159: Script terminated by timeout at:
zi@https://pagead2.googlesyndication.com/pagead/managed/js/activeview/current/ufs_web_display.js:159:1165
So@https://pagead2.googlesyndication.com/pagead/managed/js/activeview/current/ufs_web_display.js:255:403
Gq/<@https://pagead2.googlesyndication.com/pagead/managed/js/activeview/current/ufs_web_display.js:287:466
N/</<@https://pagead2.googlesyndication.com/pagead/managed/js/activeview/current/ufs_web_display.js:93:480
M/this.Wd@https://pagead2.googlesyndication.com/pagead/managed/js/activeview/current/ufs_web_display.js:92:990
n.next@https://pagead2.googlesyndication.com/pagead/managed/js/activeview/current/ufs_web_display.js:82:523
Mh/c/</</<@https://pagead2.googlesyndication.com/pagead/managed/js/activeview/current/ufs_web_display.js:146:321
Ua@https://pagead2.googlesyndication.com/pagead/managed/js/activeview/current/ufs_web_display.js:51:339
Pa.prototype.flush@https://pagead2.googlesyndication.com/pagead/managed/js/activeview/current/ufs_web_display.js:51:127
Ta@https://pagead2.googlesyndication.com/pagead/managed/js/activeview/current/ufs_web_display.js:50:483
Mh/c/</<@https://pagead2.googlesyndication.com/pagead/managed/js/activeview/current/ufs_web_display.js:146:293
qc.prototype.next@https://pagead2.googlesyndication.com/pagead/managed/js/activeview/current/ufs_web_display.js:83:218
n.Wd@https://pagead2.googlesyndication.com/pagead/managed/js/activeview/current/ufs_web_display.js:82:756
n.next@https://pagead2.googlesyndication.com/pagead/managed/js/activeview/current/ufs_web_display.js:82:523
qg/</</</<@https://pagead2.googlesyndication.com/pagead/managed/js/activeview/current/ufs_web_display.js:123:515
Oa.prototype.kc/<@https://pagead2.googlesyndication.com/pagead/managed/js/activeview/current/ufs_web_display.js:50:315
qg/</</<@https://pagead2.googlesyndication.com/pagead/managed/js/activeview/current/ufs_web_display.js:123:524
qc.prototype.next@https://pagead2.googlesyndication.com/pagead/managed/js/activeview/current/ufs_web_display.js:83:218
n.Wd@https://pagead2.googlesyndication.com/pagead/managed/js/activeview/current/ufs_web_display.js:82:756
n.next@https://pagead2.googlesyndication.com/pagead/managed/js/activeview/current/ufs_web_display.js:82:523
qg/</</</<@https://pagead2.googlesyndication.com/pagead/managed/js/activeview/current/ufs_web_display.js:123:515
Oa.prototype.kc/<@https://pagead2.googlesyndication.com/pagead/managed/js/activeview/current/ufs_web_display.js:50:315
qg/</</<@https://pagead2.googlesyndication.com/pagead/managed/js/activeview/current/ufs_web_display.js:123:524
qc.prototype.next@https://pagead2.googlesyndication.com/pagead/managed/js/activeview/current/ufs_web_display.js:83:218
n.Wd@https://pagead2.googlesyndication.com/pagead/managed/js/activeview/current/ufs_web_display.js:82:756
n.next@https://pagead2.googlesyndication.com/pagead/managed/js/activeview/current/ufs_web_display.js:82:523
h@https://pagead2.googlesyndication.com/pagead/managed/js/activeview/current/ufs_web_display.js:95:477

JavaScript error: https://pagead2.googlesyndication.com/pagead/js/adsbygoogle.js, line 90: TagError: adsbygoogle.push() error: No slot size for availableWidth=0
JavaScript error: https://pagead2.googlesyndication.com/pagead/js/adsbygoogle.js, line 90: TagError: adsbygoogle.push() error: No slot size for availableWidth=0
JavaScript error: https://pagead2.googlesyndication.com/pagead/js/adsbygoogle.js, line 90: TagError: adsbygoogle.push() error: No slot size for availableWidth=0
JavaScript error: https://pagead2.googlesyndication.com/pagead/js/adsbygoogle.js, line 90: TagError: adsbygoogle.push() error: No slot size for availableWidth=0
JavaScript error: https://pagead2.googlesyndication.com/pagead/js/adsbygoogle.js, line 90: TagError: adsbygoogle.push() error: No slot size for availableWidth=0
JavaScript error: https://pagead2.googlesyndication.com/pagead/js/adsbygoogle.js, line 90: TagError: adsbygoogle.push() error: No slot size for availableWidth=0
JavaScript warning: https://pagead2.googlesyndication.com/bg/VXNW79gqQX8ZcaCZgbEoDHet6f6szJZilX3LzAyYl-4.js, line 74: unreachable code after return statement
JavaScript warning: https://pagead2.googlesyndication.com/bg/VXNW79gqQX8ZcaCZgbEoDHet6f6szJZilX3LzAyYl-4.js, line 74: unreachable code after return statement
JavaScript warning: https://pagead2.googlesyndication.com/bg/VXNW79gqQX8ZcaCZgbEoDHet6f6szJZilX3LzAyYl-4.js, line 74: unreachable code after return statement
JavaScript warning: https://pagead2.googlesyndication.com/bg/VXNW79gqQX8ZcaCZgbEoDHet6f6szJZilX3LzAyYl-4.js line 2 > eval, line 74: unreachable code after return statement
JavaScript warning: https://pagead2.googlesyndication.com/bg/VXNW79gqQX8ZcaCZgbEoDHet6f6szJZilX3LzAyYl-4.js line 2 > eval, line 74: unreachable code after return statement
JavaScript warning: https://pagead2.googlesyndication.com/bg/VXNW79gqQX8ZcaCZgbEoDHet6f6szJZilX3LzAyYl-4.js line 2 > eval line 74 > eval, line 1: unreachable code after return statement
JavaScript warning: https://pagead2.googlesyndication.com/bg/VXNW79gqQX8ZcaCZgbEoDHet6f6szJZilX3LzAyYl-4.js line 2 > eval line 74 > eval line 1 > eval, line 1: unreachable code after return statement
JavaScript warning: https://pagead2.googlesyndication.com/bg/VXNW79gqQX8ZcaCZgbEoDHet6f6szJZilX3LzAyYl-4.js line 2 > eval, line 74: unreachable code after return statement
JavaScript warning: https://pagead2.googlesyndication.com/bg/VXNW79gqQX8ZcaCZgbEoDHet6f6szJZilX3LzAyYl-4.js line 2 > eval line 74 > eval line 1 > eval, line 1: unreachable code after return statement
JavaScript warning: https://pagead2.googlesyndication.com/bg/VXNW79gqQX8ZcaCZgbEoDHet6f6szJZilX3LzAyYl-4.js line 2 > eval line 74 > eval line 1 > eval line 1 > eval, line 1: unreachable code after return statement
JavaScript error: https://pagead2.googlesyndication.com/pagead/js/adsbygoogle.js, line 90: TagError: adsbygoogle.push() error: No slot size for availableWidth=0
JavaScript error: https://pagead2.googlesyndication.com/pagead/js/adsbygoogle.js, line 90: TagError: adsbygoogle.push() error: No slot size for availableWidth=0
JavaScript error: https://pagead2.googlesyndication.com/pagead/js/adsbygoogle.js, line 90: TagError: adsbygoogle.push() error: No slot size for availableWidth=0
JavaScript error: https://pagead2.googlesyndication.com/pagead/js/adsbygoogle.js, line 90: TagError: adsbygoogle.push() error: No slot size for availableWidth=0
JavaScript error: https://pagead2.googlesyndication.com/pagead/js/adsbygoogle.js, line 90: TagError: adsbygoogle.push() error: No slot size for availableWidth=0
JavaScript error: https://pagead2.googlesyndication.com/pagead/js/adsbygoogle.js, line 90: TagError: adsbygoogle.push() error: No slot size for availableWidth=0
JavaScript warning: https://api.b2c.com/api/init-67837llrmed7abvew8my.js?adID=631702699&advertiserID=5481501&campaignID=31418751&creativeID=248932149&placementID=438298805&environment=j&siteid=9008513&country=ct=IN&st=&city=7262&dma=0&zp=500091&bw=4&match=AMsySZYnfH_RhCL6_-Yiu0dDI7hj&site=N339201.4066079OMDPROGRAMMATICUA&landingpage=https://www.visitdubai.com/en/dubai-ready-for-a-surprise%3Futm_source%3Dprogrammatic%26utm_medium%3Ddisplay%26utm_campaign%3Dseasonalaonapac%26utm_term%3Dind-en_winterbanners%26utm_content%3Dconsideration_banner728x90_OPXInmarketAll%26dclid%3D%25edclid!%26gad_source%3D7%26gad_campaignid%3D23467761836, line 1: WEBGL_debug_renderer_info is deprecated in Firefox and will be removed. Please use RENDERER.
JavaScript warning: https://pagead2.googlesyndication.com/pagead/managed/js/activeview/current/ufs_web_display.js, line 80: Script terminated by timeout at:
n.unsubscribe@https://pagead2.googlesyndication.com/pagead/managed/js/activeview/current/ufs_web_display.js:80:311
n.unsubscribe@https://pagead2.googlesyndication.com/pagead/managed/js/activeview/current/ufs_web_display.js:82:709
M.prototype.unsubscribe@https://pagead2.googlesyndication.com/pagead/managed/js/activeview/current/ufs_web_display.js:92:1364
n.unsubscribe@https://pagead2.googlesyndication.com/pagead/managed/js/activeview/current/ufs_web_display.js:80:356
n.unsubscribe@https://pagead2.googlesyndication.com/pagead/managed/js/activeview/current/ufs_web_display.js:82:709
M.prototype.unsubscribe@https://pagead2.googlesyndication.com/pagead/managed/js/activeview/current/ufs_web_display.js:92:1364
n.unsubscribe@https://pagead2.googlesyndication.com/pagead/managed/js/activeview/current/ufs_web_display.js:80:356
n.unsubscribe@https://pagead2.googlesyndication.com/pagead/managed/js/activeview/current/ufs_web_display.js:82:709
M.prototype.unsubscribe@https://pagead2.googlesyndication.com/pagead/managed/js/activeview/current/ufs_web_display.js:92:1364
M/this.ad@https://pagead2.googlesyndication.com/pagead/managed/js/activeview/current/ufs_web_display.js:92:1192
n.complete@https://pagead2.googlesyndication.com/pagead/managed/js/activeview/current/ufs_web_display.js:82:628
Re/</<@https://pagead2.googlesyndication.com/pagead/managed/js/activeview/current/ufs_web_display.js:103:1079
M/this.Wd@https://pagead2.googlesyndication.com/pagead/managed/js/activeview/current/ufs_web_display.js:92:990
n.next@https://pagead2.googlesyndication.com/pagead/managed/js/activeview/current/ufs_web_display.js:82:523
jf/</<@https://pagead2.googlesyndication.com/pagead/managed/js/activeview/current/ufs_web_display.js:104:904
M/this.Wd@https://pagead2.googlesyndication.com/pagead/managed/js/activeview/current/ufs_web_display.js:92:990
n.next@https://pagead2.googlesyndication.com/pagead/managed/js/activeview/current/ufs_web_display.js:82:523
O/</<@https://pagead2.googlesyndication.com/pagead/managed/js/activeview/current/ufs_web_display.js:98:1197
M/this.Wd@https://pagead2.googlesyndication.com/pagead/managed/js/activeview/current/ufs_web_display.js:92:990
n.next@https://pagead2.googlesyndication.com/pagead/managed/js/activeview/current/ufs_web_display.js:82:523
N/</<@https://pagead2.googlesyndication.com/pagead/managed/js/activeview/current/ufs_web_display.js:93:473
M/this.Wd@https://pagead2.googlesyndication.com/pagead/managed/js/activeview/current/ufs_web_display.js:92:990
n.next@https://pagead2.googlesyndication.com/pagead/managed/js/activeview/current/ufs_web_display.js:82:523
N/</<@https://pagead2.googlesyndication.com/pagead/managed/js/activeview/current/ufs_web_display.js:93:473
M/this.Wd@https://pagead2.googlesyndication.com/pagead/managed/js/activeview/current/ufs_web_display.js:92:990
n.next@https://pagead2.googlesyndication.com/pagead/managed/js/activeview/current/ufs_web_display.js:82:523
Mh/c/</</<@https://pagead2.googlesyndication.com/pagead/managed/js/activeview/current/ufs_web_display.js:146:321
Ua@https://pagead2.googlesyndication.com/pagead/managed/js/activeview/current/ufs_web_display.js:51:339
Pa.prototype.flush@https://pagead2.googlesyndication.com/pagead/managed/js/activeview/current/ufs_web_display.js:51:127
Ta@https://pagead2.googlesyndication.com/pagead/managed/js/activeview/current/ufs_web_display.js:50:483
Mh/c/</<@https://pagead2.googlesyndication.com/pagead/managed/js/activeview/current/ufs_web_display.js:146:293
qc.prototype.next@https://pagead2.googlesyndication.com/pagead/managed/js/activeview/current/ufs_web_display.js:83:218
n.Wd@https://pagead2.googlesyndication.com/pagead/managed/js/activeview/current/ufs_web_display.js:82:756
n.next@https://pagead2.googlesyndication.com/pagead/managed/js/activeview/current/ufs_web_display.js:82:523
S/</</d<@https://pagead2.googlesyndication.com/pagead/managed/js/activeview/current/ufs_web_display.js:104:481
M/this.Wd@https://pagead2.googlesyndication.com/pagead/managed/js/activeview/current/ufs_web_display.js:92:990
n.next@https://pagead2.googlesyndication.com/pagead/managed/js/activeview/current/ufs_web_display.js:82:523
Re/</<@https://pagead2.googlesyndication.com/pagead/managed/js/activeview/current/ufs_web_display.js:103:1063
M/this.Wd@https://pagead2.googlesyndication.com/pagead/managed/js/activeview/current/ufs_web_display.js:92:990
n.next@https://pagead2.googlesyndication.com/pagead/managed/js/activeview/current/ufs_web_display.js:82:523
qg/</</</<@https://pagead2.googlesyndication.com/pagead/managed/js/activeview/current/ufs_web_display.js:123:515
Oa.prototype.kc/<@https://pagead2.googlesyndication.com/pagead/managed/js/activeview/current/ufs_web_display.js:50:315
qg/</</<@https://pagead2.googlesyndication.com/pagead/managed/js/activeview/current/ufs_web_display.js:123:524
qc.prototype.next@https://pagead2.googlesyndication.com/pagead/managed/js/activeview/current/ufs_web_display.js:83:218
n.Wd@https://pagead2.googlesyndication.com/pagead/managed/js/activeview/current/ufs_web_display.js:82:756
n.next@https://pagead2.googlesyndication.com/pagead/managed/js/activeview/current/ufs_web_display.js:82:523
n.next@https://pagead2.googlesyndication.com/pagead/managed/js/activeview/current/ufs_web_display.js:85:1008
bd.prototype.next@https://pagead2.googlesyndication.com/pagead/managed/js/activeview/current/ufs_web_display.js:91:1293
e@https://pagead2.googlesyndication.com/pagead/managed/js/activeview/current/ufs_web_display.js:157:133
f@https://pagead2.googlesyndication.com/pagead/managed/js/activeview/current/ufs_web_display.js:152:111
hi/<@https://pagead2.googlesyndication.com/pagead/managed/js/activeview/current/ufs_web_display.js:153:214

JavaScript error: https://pagead2.googlesyndication.com/pagead/js/adsbygoogle.js, line 90: TagError: adsbygoogle.push() error: No slot size for availableWidth=0
JavaScript error: https://pagead2.googlesyndication.com/pagead/js/adsbygoogle.js, line 90: TagError: adsbygoogle.push() error: No slot size for availableWidth=0
JavaScript error: https://pagead2.googlesyndication.com/pagead/js/adsbygoogle.js, line 90: TagError: adsbygoogle.push() error: No slot size for availableWidth=0
JavaScript error: https://pagead2.googlesyndication.com/pagead/js/adsbygoogle.js, line 90: TagError: adsbygoogle.push() error: No slot size for availableWidth=0
JavaScript error: https://pagead2.googlesyndication.com/pagead/js/adsbygoogle.js, line 90: TagError: adsbygoogle.push() error: No slot size for availableWidth=0
JavaScript error: https://pagead2.googlesyndication.com/pagead/js/adsbygoogle.js, line 90: TagError: adsbygoogle.push() error: No slot size for availableWidth=0
JavaScript warning: https://pagead2.googlesyndication.com/bg/VXNW79gqQX8ZcaCZgbEoDHet6f6szJZilX3LzAyYl-4.js, line 7683: unreachable code after return statement
JavaScript warning: https://pagead2.googlesyndication.com/bg/VXNW79gqQX8ZcaCZgbEoDHet6f6szJZilX3LzAyYl-4.js, line 7683: unreachable code after return statement
JavaScript warning: https://pagead2.googlesyndication.com/bg/VXNW79gqQX8ZcaCZgbEoDHet6f6szJZilX3LzAyYl-4.js, line 7683: unreachable code after return statement
JavaScript warning: https://pagead2.googlesyndication.com/bg/VXNW79gqQX8ZcaCZgbEoDHet6f6szJZilX3LzAyYl-4.js line 2 > eval, line 7683: unreachable code after return statement
JavaScript warning: https://pagead2.googlesyndication.com/bg/VXNW79gqQX8ZcaCZgbEoDHet6f6szJZilX3LzAyYl-4.js line 2 > eval, line 7683: unreachable code after return statement
JavaScript warning: https://pagead2.googlesyndication.com/bg/VXNW79gqQX8ZcaCZgbEoDHet6f6szJZilX3LzAyYl-4.js line 2 > eval line 7683 > eval, line 1: unreachable code after return statement
JavaScript warning: https://pagead2.googlesyndication.com/bg/VXNW79gqQX8ZcaCZgbEoDHet6f6szJZilX3LzAyYl-4.js line 2 > eval line 7683 > eval line 1 > eval, line 1: unreachable code after return statement
JavaScript warning: https://pagead2.googlesyndication.com/bg/VXNW79gqQX8ZcaCZgbEoDHet6f6szJZilX3LzAyYl-4.js line 2 > eval, line 7683: unreachable code after return statement
JavaScript warning: https://pagead2.googlesyndication.com/bg/VXNW79gqQX8ZcaCZgbEoDHet6f6szJZilX3LzAyYl-4.js line 2 > eval line 7683 > eval line 1 > eval, line 1: unreachable code after return statement
JavaScript warning: https://pagead2.googlesyndication.com/bg/VXNW79gqQX8ZcaCZgbEoDHet6f6szJZilX3LzAyYl-4.js line 2 > eval line 7683 > eval line 1 > eval line 1 > eval, line 1: unreachable code after return statement
JavaScript warning: https://pagead2.googlesyndication.com/bg/VXNW79gqQX8ZcaCZgbEoDHet6f6szJZilX3LzAyYl-4.js, line 3199: unreachable code after return statement
JavaScript warning: https://pagead2.googlesyndication.com/bg/VXNW79gqQX8ZcaCZgbEoDHet6f6szJZilX3LzAyYl-4.js, line 3199: unreachable code after return statement
JavaScript warning: https://pagead2.googlesyndication.com/bg/VXNW79gqQX8ZcaCZgbEoDHet6f6szJZilX3LzAyYl-4.js, line 3199: unreachable code after return statement
JavaScript warning: https://pagead2.googlesyndication.com/bg/VXNW79gqQX8ZcaCZgbEoDHet6f6szJZilX3LzAyYl-4.js line 2 > eval, line 3199: unreachable code after return statement
JavaScript warning: https://pagead2.googlesyndication.com/bg/VXNW79gqQX8ZcaCZgbEoDHet6f6szJZilX3LzAyYl-4.js line 2 > eval, line 3199: unreachable code after return statement
JavaScript warning: https://pagead2.googlesyndication.com/bg/VXNW79gqQX8ZcaCZgbEoDHet6f6szJZilX3LzAyYl-4.js line 2 > eval, line 1: unreachable code after return statement
JavaScript warning: https://pagead2.googlesyndication.com/bg/VXNW79gqQX8ZcaCZgbEoDHet6f6szJZilX3LzAyYl-4.js line 2 > eval line 3199 > eval, line 1: unreachable code after return statement
JavaScript warning: https://pagead2.googlesyndication.com/bg/VXNW79gqQX8ZcaCZgbEoDHet6f6szJZilX3LzAyYl-4.js line 2 > eval, line 3199: unreachable code after return statement
JavaScript warning: https://pagead2.googlesyndication.com/bg/VXNW79gqQX8ZcaCZgbEoDHet6f6szJZilX3LzAyYl-4.js line 2 > eval line 3199 > eval line 1 > eval, line 1: unreachable code after return statement
JavaScript warning: https://pagead2.googlesyndication.com/bg/VXNW79gqQX8ZcaCZgbEoDHet6f6szJZilX3LzAyYl-4.js line 2 > eval line 3199 > eval line 1 > eval line 1 > eval, line 1: unreachable code after return statement
JavaScript warning: https://pagead2.googlesyndication.com/bg/VXNW79gqQX8ZcaCZgbEoDHet6f6szJZilX3LzAyYl-4.js, line 6313: unreachable code after return statement
JavaScript warning: https://pagead2.googlesyndication.com/bg/VXNW79gqQX8ZcaCZgbEoDHet6f6szJZilX3LzAyYl-4.js, line 6313: unreachable code after return statement
JavaScript warning: https://pagead2.googlesyndication.com/bg/VXNW79gqQX8ZcaCZgbEoDHet6f6szJZilX3LzAyYl-4.js, line 6313: unreachable code after return statement
JavaScript warning: https://pagead2.googlesyndication.com/bg/VXNW79gqQX8ZcaCZgbEoDHet6f6szJZilX3LzAyYl-4.js line 2 > eval, line 6313: unreachable code after return statement
JavaScript warning: https://pagead2.googlesyndication.com/bg/VXNW79gqQX8ZcaCZgbEoDHet6f6szJZilX3LzAyYl-4.js line 2 > eval, line 6313: unreachable code after return statement
JavaScript warning: https://pagead2.googlesyndication.com/bg/VXNW79gqQX8ZcaCZgbEoDHet6f6szJZilX3LzAyYl-4.js line 2 > eval, line 1: unreachable code after return statement
JavaScript warning: https://pagead2.googlesyndication.com/bg/VXNW79gqQX8ZcaCZgbEoDHet6f6szJZilX3LzAyYl-4.js line 2 > eval line 6313 > eval, line 1: unreachable code after return statement
JavaScript warning: https://pagead2.googlesyndication.com/bg/VXNW79gqQX8ZcaCZgbEoDHet6f6szJZilX3LzAyYl-4.js line 2 > eval, line 6313: unreachable code after return statement
JavaScript warning: https://pagead2.googlesyndication.com/bg/VXNW79gqQX8ZcaCZgbEoDHet6f6szJZilX3LzAyYl-4.js line 2 > eval line 6313 > eval line 1 > eval, line 1: unreachable code after return statement
JavaScript warning: https://pagead2.googlesyndication.com/bg/VXNW79gqQX8ZcaCZgbEoDHet6f6szJZilX3LzAyYl-4.js line 2 > eval line 6313 > eval line 1 > eval line 1 > eval, line 1: unreachable code after return statement
JavaScript error: https://pagead2.googlesyndication.com/pagead/js/adsbygoogle.js, line 90: TagError: adsbygoogle.push() error: No slot size for availableWidth=0
JavaScript error: https://pagead2.googlesyndication.com/pagead/js/adsbygoogle.js, line 90: TagError: adsbygoogle.push() error: No slot size for availableWidth=0
JavaScript error: https://pagead2.googlesyndication.com/pagead/js/adsbygoogle.js, line 90: TagError: adsbygoogle.push() error: No slot size for availableWidth=0
JavaScript error: https://pagead2.googlesyndication.com/pagead/js/adsbygoogle.js, line 90: TagError: adsbygoogle.push() error: No slot size for availableWidth=0
JavaScript error: https://pagead2.googlesyndication.com/pagead/js/adsbygoogle.js, line 90: TagError: adsbygoogle.push() error: No slot size for availableWidth=0
JavaScript error: https://pagead2.googlesyndication.com/pagead/js/adsbygoogle.js, line 90: TagError: adsbygoogle.push() error: No slot size for availableWidth=0
JavaScript error: resource://gre/actors/FormHandlerChild.sys.mjs, line 103: InvalidStateError: JSWindowActorChild.document getter: Cannot access property 'document' after actor 'FormHandler' has been destroyed
1771562245697	Marionette	INFO	Stopped listening on port 58343
Dynamically enable window occlusion 1
JavaScript error: , line 0: TypeError: NetworkError when attempting to fetch resource.
console.error: services.settings: 
  Message: NetworkError: Network error: TypeError: NetworkError: Network request failed
  Stack:
    APIError@resource://services-settings/RemoteSettingsClient.sys.mjs:92:1
NetworkError@resource://services-settings/RemoteSettingsClient.sys.mjs:96:5
_adjustedError@resource://services-settings/RemoteSettingsClient.sys.mjs:990:14
maybeSync@resource://services-settings/RemoteSettingsClient.sys.mjs:886:38

console.warn: TopSitesFeed: Failed to fetch data from MARS server: NetworkError when attempting to fetch resource.
console.warn: services.settings: main/urlbar-persisted-search-terms sync interrupted by shutdown
console.warn: services.settings: main/search-config-overrides-v2 sync interrupted by shutdown
console.warn: services.settings: main/query-stripping sync interrupted by shutdown
console.warn: services.settings: main/addons-manager-settings sync interrupted by shutdown
console.warn: services.settings: main/password-recipes sync interrupted by shutdown
console.warn: services.settings: main/language-dictionaries sync interrupted by shutdown
console.warn: services.settings: main/devtools-devices sync interrupted by shutdown
console.warn: services.settings: main/hijack-blocklists sync interrupted by shutdown
console.error: (new AbortError("IndexedDB: main/cfr-srg getLastModified() IndexedDB:  execute() A request was aborted, for example through a call to IDBTransaction.abort.", "resource://services-settings/IDBHelpers.sys.mjs", 16))
