1771562279380	geckodriver	INFO	Listening on 127.0.0.1:60324
1771562282470	mozrunner::runner	INFO	Running command: "C:\\Users\\91799\\.cache\\selenium\\firefox\\win64\\147.0.4\\firefox.exe" "--marionette" "--remote-debuggin ... 5" "--remote-allow-hosts" "localhost" "-no-remote" "-profile" "C:\\Users\\91799\\AppData\\Local\\Temp\\rust_mozprofilePX33xL"
console.warn: services.settings: Ignoring preference override of remote settings server
console.warn: services.settings: Allow by setting MOZ_REMOTE_SETTINGS_DEVTOOLS=1 in the environment
Dynamically enable window occlusion 0
1771562284919	Marionette	INFO	Marionette enabled
1771562285257	Marionette	INFO	Listening on port 63632
WebDriver BiDi listening on ws://127.0.0.1:60325
Read port: 63632
1771562285461	RemoteAgent	WARN	TLS certificate errors will be ignored for this session
JavaScript error: https://pagead2.googlesyndication.com/pagead/js/adsbygoogle.js, line 90: TagError: adsbygoogle.push() error: No slot size for availableWidth=0
JavaScript error: https://pagead2.googlesyndication.com/pagead/js/adsbygoogle.js, line 90: TagError: adsbygoogle.push() error: No slot size for availableWidth=0
JavaScript error: https://pagead2.googlesyndication.com/pagead/js/adsbygoogle.js, line 90: TagError: adsbygoogle.push() error: No slot size for availableWidth=0
JavaScript error: https://pagead2.googlesyndication.com/pagead/js/adsbygoogle.js, line 90: TagError: adsbygoogle.push() error: No slot size for availableWidth=0
JavaScript error: https://pagead2.googlesyndication.com/pagead/js/adsbygoogle.js, line 90: TagError: adsbygoogle.push() error: No slot size for availableWidth=0
JavaScript error: https://pagead2.googlesyndication.com/pagead/js/adsbygoogle.js, line 90: TagError: adsbygoogle.push() error: No slot size for availableWidth=0
JavaScript warning: https://pagead2.googlesyndication.com/bg/VXNW79gqQX8ZcaCZgbEoDHet6f6szJZilX3LzAyYl-4.js, line 7104: unreachable code after return statement
JavaScript warning: https://pagead2.googlesyndication.com/bg/VXNW79gqQX8ZcaCZgbEoDHet6f6szJZilX3LzAyYl-4.js, line 7104: unreachable code after return statement
JavaScript warning: https://pagead2.googlesyndication.com/bg/VXNW79gqQX8ZcaCZgbEoDHet6f6szJZilX3LzAyYl-4.js, line 7104: unreachable code after return statement
JavaScript warning: https://pagead2.googlesyndication.com/bg/VXNW79gqQX8ZcaCZgbEoDHet6f6szJZilX3LzAyYl-4.js line 2 > eval, line 7104: unreachable code after return statement
JavaScript warning: https://pagead2.googlesyndication.com/bg/VXNW79gqQX8ZcaCZgbEoDHet6f6szJZilX3LzAyYl-4.js line 2 > eval, line 7104: unreachable code after return statement
JavaScript warning: https://pagead2.googlesyndication.com/bg/VXNW79gqQX8ZcaCZgbEoDHet6f6szJZilX3LzAyYl-4.js line 2 > eval, line 1: unreachable code after return statement
JavaScript warning: https://pagead2.googlesyndication.com/bg/VXNW79gqQX8ZcaCZgbEoDHet6f6szJZilX3LzAyYl-4.js line 2 > eval line 7104 > eval, line 1: unreachable code after return statement
JavaScript warning: https://pagead2.googlesyndication.com/bg/VXNW79gqQX8ZcaCZgbEoDHet6f6szJZilX3LzAyYl-4.js line 2 > eval, line 7104: unreachable code after return statement
JavaScript warning: https://pagead2.googlesyndication.com/bg/VXNW79gqQX8ZcaCZgbEoDHet6f6szJZilX3LzAyYl-4.js line 2 > eval line 7104 > eval line 1 > eval, line 1: unreachable code after return statement
JavaScript warning: https://pagead2.googlesyndication.com/bg/VXNW79gqQX8ZcaCZgbEoDHet6f6szJZilX3LzAyYl-4.js line 2 > eval line 7104 > eval line 1 > eval line 1 > eval, line 1: unreachable code after return statement
JavaScript warning: https://pagead2.googlesyndication.com/pagead/managed/js/activeview/current/ufs_web_display.js, line 92: Script terminated by timeout at:
M/this.ad@https://pagead2.googlesyndication.com/pagead/managed/js/activeview/current/ufs_web_display.js:92:1148
n.complete@https://pagead2.googlesyndication.com/pagead/managed/js/activeview/current/ufs_web_display.js:82:628
n.ad@https://pagead2.googlesyndication.com/pagead/managed/js/activeview/current/ufs_web_display.js:83:97
n.complete@https://pagead2.googlesyndication.com/pagead/managed/js/activeview/current/ufs_web_display.js:82:628
n.ad@https://pagead2.googlesyndication.com/pagead/managed/js/activeview/current/ufs_web_display.js:83:97
n.complete@https://pagead2.googlesyndication.com/pagead/managed/js/activeview/current/ufs_web_display.js:82:628
Re/</<@https://pagead2.googlesyndication.com/pagead/managed/js/activeview/current/ufs_web_display.js:103:1079
M/this.Wd@https://pagead2.googlesyndication.com/pagead/managed/js/activeview/current/ufs_web_display.js:92:990
n.next@https://pagead2.googlesyndication.com/pagead/managed/js/activeview/current/ufs_web_display.js:82:523
xd/</</</<@https://pagead2.googlesyndication.com/pagead/managed/js/activeview/current/ufs_web_display.js:94:303
n.next@https://pagead2.googlesyndication.com/pagead/managed/js/activeview/current/ufs_web_display.js:82:523
Ad/k/<@https://pagead2.googlesyndication.com/pagead/managed/js/activeview/current/ufs_web_display.js:94:510
M/this.Wd@https://pagead2.googlesyndication.com/pagead/managed/js/activeview/current/ufs_web_display.js:92:990
n.next@https://pagead2.googlesyndication.com/pagead/managed/js/activeview/current/ufs_web_display.js:82:523
Rc/<@https://pagead2.googlesyndication.com/pagead/managed/js/activeview/current/ufs_web_display.js:89:81
n.Yd@https://pagead2.googlesyndication.com/pagead/managed/js/activeview/current/ufs_web_display.js:84:795
n.subscribe@https://pagead2.googlesyndication.com/pagead/managed/js/activeview/current/ufs_web_display.js:84:745
k@https://pagead2.googlesyndication.com/pagead/managed/js/activeview/current/ufs_web_display.js:94:478
Ad/k/<@https://pagead2.googlesyndication.com/pagead/managed/js/activeview/current/ufs_web_display.js:94:597
M/this.ad@https://pagead2.googlesyndication.com/pagead/managed/js/activeview/current/ufs_web_display.js:92:1148
n.complete@https://pagead2.googlesyndication.com/pagead/managed/js/activeview/current/ufs_web_display.js:82:628
n.ad@https://pagead2.googlesyndication.com/pagead/managed/js/activeview/current/ufs_web_display.js:83:97
n.complete@https://pagead2.googlesyndication.com/pagead/managed/js/activeview/current/ufs_web_display.js:82:628
Re/</<@https://pagead2.googlesyndication.com/pagead/managed/js/activeview/current/ufs_web_display.js:103:1079
M/this.Wd@https://pagead2.googlesyndication.com/pagead/managed/js/activeview/current/ufs_web_display.js:92:990
n.next@https://pagead2.googlesyndication.com/pagead/managed/js/activeview/current/ufs_web_display.js:82:523
Ad/k/<@https://pagead2.googlesyndication.com/pagead/managed/js/activeview/current/ufs_web_display.js:94:510
M/this.Wd@https://pagead2.googlesyndication.com/pagead/managed/js/activeview/current/ufs_web_display.js:92:990
n.next@https://pagead2.googlesyndication.com/pagead/managed/js/activeview/current/ufs_web_display.js:82:523
Ad/k/<@https://pagead2.googlesyndication.com/pagead/managed/js/activeview/current/ufs_web_display.js:94:510
M/this.Wd@https://pagead2.googlesyndication.com/pagead/managed/js/activeview/current/ufs_web_display.js:92:990
n.next@https://pagead2.googlesyndication.com/pagead/managed/js/activeview/current/ufs_web_display.js:82:523
Rc/<@https://pagead2.googlesyndication.com/pagead/managed/js/activeview/current/ufs_web_display.js:89:81
n.Yd@https://pagead2.googlesyndication.com/pagead/managed/js/activeview/current/ufs_web_display.js:84:795
n.subscribe@https://pagead2.googlesyndication.com/pagead/managed/js/activeview/current/ufs_web_display.js:84:745
k@https://pagead2.googlesyndication.com/pagead/managed/js/activeview/current/ufs_web_display.js:94:478
Ad/k/<@https://pagead2.googlesyndication.com/pagead/managed/js/activeview/current/ufs_web_display.js:94:597
M/this.ad@https://pagead2.googlesyndication.com/pagead/managed/js/activeview/current/ufs_web_display.js:92:1148
n.complete@https://pagead2.googlesyndication.com/pagead/managed/js/activeview/current/ufs_web_display.js:82:628
n.ad@https://pagead2.googlesyndication.com/pagead/managed/js/activeview/current/ufs_web_display.js:83:97
n.complete@https://pagead2.googlesyndication.com/pagead/managed/js/activeview/current/ufs_web_display.js:82:628
Re/</<@https://pagead2.googlesyndication.com/pagead/managed/js/activeview/current/ufs_web_display.js:103:1079
M/this.Wd@https://pagead2.googlesyndication.com/pagead/managed/js/activeview/current/ufs_web_display.js:92:990
n.next@https://pagead2.googlesyndication.com/pagead/managed/js/activeview/current/ufs_web_display.js:82:523
Vd/</<@https://pagead2.googlesyndication.com/pagead/managed/js/activeview/current/ufs_web_display.js:98:1544
M/this.Wd@https://pagead2.googlesyndication.com/pagead/managed/js/activeview/current/ufs_web_display.js:92:990
n.next@https://pagead2.googlesyndication.com/pagead/managed/js/activeview/current/ufs_web_display.js:82:523
Ad/k/<@https://pagead2.googlesyndication.com/pagead/managed/js/activeview/current/ufs_web_display.js:94:510
M/this.Wd@https://pagead2.googlesyndication.com/pagead/managed/js/activeview/current/ufs_web_display.js:92:990
n.next@https://pagead2.googlesyndication.com/pagead/managed/js/activeview/current/ufs_web_display.js:82:523
Rc/<@https://pagead2.googlesyndication.com/pagead/managed/js/activeview/current/ufs_web_display.js:89:81
n.Yd@https://pagead2.googlesyndication.com/pagead/managed/js/activeview/current/ufs_web_display.js:84:795
n.subscribe@https://pagead2.googlesyndication.com/pagead/managed/js/activeview/current/ufs_web_display.js:84:745
k@https://pagead2.googlesyndication.com/pagead/managed/js/activeview/current/ufs_web_display.js:94:478
Ad/k/<@https://pagead2.googlesyndication.com/pagead/managed/js/activeview/current/ufs_web_display.js:94:597
M/this.ad@https://pagead2.googlesyndication.com/pagead/managed/js/activeview/current/ufs_web_display.js:92:1148
n.complete@https://pagead2.googlesyndication.com/pagead/managed/js/activeview/current/ufs_web_display.js:82:628
n.ad@https://pagead2.googlesyndication.com/pagead/managed/js/activeview/current/ufs_web_display.js:83:97
n.complete@https://pagead2.googlesyndication.com/pagead/managed/js/activeview/current/ufs_web_display.js:82:628
n.complete@https://pagead2.googlesyndication.com/pagead/managed/js/activeview/current/ufs_web_display.js:86:93
jd.prototype.connect/<@https://pagead2.googlesyndication.com/pagead/managed/js/activeview/current/ufs_web_display.js:93:187
M/this.ad@https://pagead2.googlesyndication.com/pagead/managed/js/activeview/current/ufs_web_display.js:92:1148
n.complete@https://pagead2.googlesyndication.com/pagead/managed/js/activeview/current/ufs_web_display.js:82:628
n.ad@https://pagead2.googlesyndication.com/pagead/managed/js/activeview/current/ufs_web_display.js:83:97
n.complete@https://pagead2.googlesyndication.com/pagead/managed/js/activeview/current/ufs_web_display.js:82:628
hf/</<@https://pagead2.googlesyndication.com/pagead/managed/js/activeview/current/ufs_web_display.js:104:725
M/this.Wd@https://pagead2.googlesyndication.com/pagead/managed/js/activeview/current/ufs_web_display.js:92:990
n.next@https://pagead2.googlesyndication.com/pagead/managed/js/activeview/current/ufs_web_display.js:82:523
N/</<@https://pagead2.googlesyndication.com/pagead/managed/js/activeview/current/ufs_web_display.js:93:473
M/this.Wd@https://pagead2.googlesyndication.com/pagead/managed/js/activeview/current/ufs_web_display.js:92:990
n.next@https://pagead2.googlesyndication.com/pagead/managed/js/activeview/current/ufs_web_display.js:82:523
n.Wd@https://pagead2.googlesyndication.com/pagead/managed/js/activeview/current/ufs_web_display.js:82:756
n.next@https://pagead2.googlesyndication.com/pagead/managed/js/activeview/current/ufs_web_display.js:82:523
n.next@https://pagead2.googlesyndication.com/pagead/managed/js/activeview/current/ufs_web_display.js:85:1008
bd.prototype.next@https://pagead2.googlesyndication.com/pagead/managed/js/activeview/current/ufs_web_display.js:91:1293
qc.prototype.next@https://pagead2.googlesyndication.com/pagead/managed/js/activeview/current/ufs_web_display.js:83:218
n.Wd@https://pagead2.googlesyndication.com/pagead/managed/js/activeview/current/ufs_web_display.js:82:756
n.next@https://pagead2.googlesyndication.com/pagead/managed/js/activeview/current/ufs_web_display.js:82:523
n.Wd@https://pagead2.googlesyndication.com/pagead/managed/js/activeview/current/ufs_web_display.js:82:756
n.next@https://pagead2.googlesyndication.com/pagead/managed/js/activeview/current/ufs_web_display.js:82:523
n.next@https://pagead2.googlesyndication.com/pagead/managed/js/activeview/current/ufs_web_display.js:85:1008
bd.prototype.next@https://pagead2.googlesyndication.com/pagead/managed/js/activeview/current/ufs_web_display.js:91:1293
qc.prototype.next@https://pagead2.googlesyndication.com/pagead/managed/js/activeview/current/ufs_web_display.js:83:218
n.Wd@https://pagead2.googlesyndication.com/pagead/managed/js/activeview/current/ufs_web_display.js:82:756
n.next@https://pagead2.googlesyndication.com/pagead/managed/js/activeview/current/ufs_web_display.js:82:523
n.Wd@https://pagead2.googlesyndication.com/pagead/managed/js/activeview/current/ufs_web_display.js:82:756
n.next@https://pagead2.googlesyndication.com/pagead/managed/js/activeview/current/ufs_web_display.js:82:523
n.next@https://pagead2.googlesyndication.com/pagead/managed/js/activeview/current/ufs_web_display.js:85:1008
bd.prototype.next@https://pagead2.googlesyndication.com/pagead/managed/js/activeview/current/ufs_web_display.js:91:1293
qc.prototype.next@https://pagead2.googlesyndication.com/pagead/managed/js/activeview/current/ufs_web_display.js:83:218
n.Wd@https://pagead2.googlesyndication.com/pagead/managed/js/activeview/current/ufs_web_display.js:82:756
n.next@https://pagead2.googlesyndication.com/pagead/managed/js/activeview/current/ufs_web_display.js:82:523
n.Wd@https://pagead2.googlesyndication.com/pagead/managed/js/activeview/current/ufs_web_display.js:82:756
n.next@https://pagead2.googlesyndication.com/pagead/managed/js/activeview/current/ufs_web_display.js:82:523
n.next@https://pagead2.googlesyndication.com/pagead/managed/js/activeview/current/ufs_web_display.js:85:1008
bd.prototype.next@https://pagead2.googlesyndication.com/pagead/managed/js/activeview/current/ufs_web_display.js:91:1293
qc.prototype.next@https://pagead2.googlesyndication.com/pagead/managed/js/activeview/current/ufs_web_display.js:83:218
n.Wd@https://pagead2.googlesyndication.com/pagead/managed/js/activeview/current/ufs_web_display.js:82:756
n.next@https://pagead2.googlesyndication.com/pagead/managed/js/activeview/current/ufs_web_display.js:82:523
jf/</<@https://pagead2.googlesyndication.com/pagead/managed/js/activeview/current/ufs_web_display.js:104:904
M/this.Wd@https://pagead2.googlesyndication.com/pagead/managed/js/activeview/current/ufs_web_display.js:92:990
n.next@https://pagead2.googlesyndication.com/pagead/managed/js/activeview/current/ufs_web_display.js:82:523
N/</<@https://pagead2.googlesyndication.com/pagead/managed/js/activeview/current/ufs_web_display.js:93:473
M/this.Wd@https://pagead2.googlesyndication.com/pagead/managed/js/activeview/current/ufs_web_display.js:92:990
n.next@https://pagead2.googlesyndication.com/pagead/managed/js/activeview/current/ufs_web_display.js:82:523
n.Wd@https://pagead2.googlesyndication.com/pagead/managed/js/activeview/current/ufs_web_display.js:82:756
n.next@https://pagead2.googlesyndication.com/pagead/managed/js/activeview/current/ufs_web_display.js:82:523
kp/</h/<@https://pagead2.googlesyndication.com/pagead/managed/js/activeview/current/ufs_web_display.js:261:1966
Ua@https://pagead2.googlesyndication.com/pagead/managed/js/activeview/current/ufs_web_display.js:51:339
Pa.prototype.flush@https://pagead2.googlesyndication.com/pagead/managed/js/activeview/current/ufs_web_display.js:51:147
Ta@https://pagead2.googlesyndication.com/pagead/managed/js/activeview/current/ufs_web_display.js:50:483
Mh/c/</<@https://pagead2.googlesyndication.com/pagead/managed/js/activeview/current/ufs_web_display.js:146:293
qc.prototype.next@https://pagead2.googlesyndication.com/pagead/managed/js/activeview/current/ufs_web_display.js:83:218
n.Wd@https://pagead2.googlesyndication.com/pagead/managed/js/activeview/current/ufs_web_display.js:82:756
n.next@https://pagead2.googlesyndication.com/pagead/managed/js/activeview/current/ufs_web_display.js:82:523
qg/</</</<@https://pagead2.googlesyndication.com/pagead/managed/js/activeview/current/ufs_web_display.js:123:515
Oa.prototype.kc/<@https://pagead2.googlesyndication.com/pagead/managed/js/activeview/current/ufs_web_display.js:50:315
qg/</</<@https://pagead2.googlesyndication.com/pagead/managed/js/activeview/current/ufs_web_display.js:123:524
qc.prototype.next@https://pagead2.googlesyndication.com/pagead/managed/js/activeview/current/ufs_web_display.js:83:218
n.Wd@https://pagead2.googlesyndication.com/pagead/managed/js/activeview/current/ufs_web_display.js:82:756
n.next@https://pagead2.googlesyndication.com/pagead/managed/js/activeview/current/ufs_web_display.js:82:523
qg/</</</<@https://pagead2.googlesyndication.com/pagead/managed/js/activeview/current/ufs_web_display.js:123:515
Oa.prototype.kc/<@https://pagead2.googlesyndication.com/pagead/managed/js/activeview/current/ufs_web_display.js:50:315
qg/</</<@https://pagead2.googlesyndication.com/pagead/managed/js/activeview/current/ufs_web_display.js:123:524
qc.prototype.next@https://pagead2.googlesyndication.com/pagead/managed/js/activeview/current/ufs_web_display.js:83:218
n.Wd@https://pagead2.googlesyndication.com/pagead/managed/js/activeview/current/ufs_web_display.js:82:756
n.next@https://pagead2.googlesyndication.com/pagead/managed/js/activeview/current/ufs_web_display.js:82:523
h@https://pagead2.googlesyndication.com/pagead/managed/js/activeview/current/ufs_web_display.js:95:477

JavaScript error: https://pagead2.googlesyndication.com/pagead/js/adsbygoogle.js, line 90: TagError: adsbygoogle.push() error: No slot size for availableWidth=0
JavaScript error: https://pagead2.googlesyndication.com/pagead/js/adsbygoogle.js, line 90: TagError: adsbygoogle.push() error: No slot size for availableWidth=0
JavaScript error: https://pagead2.googlesyndication.com/pagead/js/adsbygoogle.js, line 90: TagError: adsbygoogle.push() error: No slot size for availableWidth=0
JavaScript error: https://pagead2.googlesyndication.com/pagead/js/adsbygoogle.js, line 90: TagError: adsbygoogle.push() error: No slot size for availableWidth=0
JavaScript error: https://pagead2.googlesyndication.com/pagead/js/adsbygoogle.js, line 90: TagError: adsbygoogle.push() error: No slot size for availableWidth=0
JavaScript error: https://pagead2.googlesyndication.com/pagead/js/adsbygoogle.js, line 90: TagError: adsbygoogle.push() error: No slot size for availableWidth=0
console.warn: LoginRecipes: "Falling back to a synchronous message for: https://practice.automationtesting.in."
console.warn: LoginRecipes: "Falling back to a synchronous message for: https://practice.automationtesting.in."
JavaScript error: https://pagead2.googlesyndication.com/pagead/js/adsbygoogle.js, line 90: TagError: adsbygoogle.push() error: No slot size for availableWidth=0
JavaScript error: https://pagead2.googlesyndication.com/pagead/js/adsbygoogle.js, line 90: TagError: adsbygoogle.push() error: No slot size for availableWidth=0
JavaScript error: https://pagead2.googlesyndication.com/pagead/js/adsbygoogle.js, line 90: TagError: adsbygoogle.push() error: No slot size for availableWidth=0
JavaScript error: https://pagead2.googlesyndication.com/pagead/js/adsbygoogle.js, line 90: TagError: adsbygoogle.push() error: No slot size for availableWidth=0
JavaScript error: https://pagead2.googlesyndication.com/pagead/js/adsbygoogle.js, line 90: TagError: adsbygoogle.push() error: No slot size for availableWidth=0
JavaScript error: https://pagead2.googlesyndication.com/pagead/js/adsbygoogle.js, line 90: TagError: adsbygoogle.push() error: No slot size for availableWidth=0
JavaScript error: resource://gre/actors/FormHandlerChild.sys.mjs, line 103: InvalidStateError: JSWindowActorChild.document getter: Cannot access property 'document' after actor 'FormHandler' has been destroyed
1771562298879	Marionette	INFO	Stopped listening on port 63632
Dynamically enable window occlusion 1
console.warn: TopSitesFeed: Failed to fetch data from MARS server: NetworkError when attempting to fetch resource.
